This file contains any messages produced by compilers while
running configure, to aid debugging if configure makes a mistake.

It was created by OpenSlide configure 341.0.1, which was
generated by GNU Autoconf 2.69.  Invocation command line was

  $ ./configure --prefix=/media/huangch/D/workspace/tcga-image-pipeline/openremoteslide-341.0.1 LDFLAGS=-lcurl

## --------- ##
## Platform. ##
## --------- ##

hostname = huangch-ubuntu
uname -m = x86_64
uname -r = 4.4.0-42-generic
uname -s = Linux
uname -v = #62-Ubuntu SMP Fri Oct 7 23:11:45 UTC 2016

/usr/bin/uname -p = unknown
/bin/uname -X     = unknown

/bin/arch              = unknown
/usr/bin/arch -k       = unknown
/usr/convex/getsysinfo = unknown
/usr/bin/hostinfo      = unknown
/bin/machine           = unknown
/usr/bin/oslevel       = unknown
/bin/universe          = unknown

PATH: /usr/local/sbin
PATH: /usr/local/bin
PATH: /usr/sbin
PATH: /usr/bin
PATH: /sbin
PATH: /bin
PATH: /snap/bin


## ----------- ##
## Core tests. ##
## ----------- ##

configure:2330: checking for a BSD-compatible install
configure:2398: result: /usr/bin/install -c
configure:2409: checking whether build environment is sane
configure:2464: result: yes
configure:2615: checking for a thread-safe mkdir -p
configure:2654: result: /bin/mkdir -p
configure:2661: checking for gawk
configure:2677: found /usr/bin/gawk
configure:2688: result: gawk
configure:2699: checking whether make sets $(MAKE)
configure:2721: result: yes
configure:2750: checking whether make supports nested variables
configure:2767: result: yes
configure:2903: checking whether make supports nested variables
configure:2920: result: yes
configure:2938: checking build system type
configure:2952: result: x86_64-unknown-linux-gnu
configure:2972: checking host system type
configure:2985: result: x86_64-unknown-linux-gnu
configure:3019: checking for style of include used by make
configure:3047: result: GNU
configure:3118: checking for gcc
configure:3134: found /usr/bin/gcc
configure:3145: result: gcc
configure:3374: checking for C compiler version
configure:3383: gcc --version >&5
gcc (Ubuntu 5.4.0-6ubuntu1~16.04.2) 5.4.0 20160609
Copyright (C) 2015 Free Software Foundation, Inc.
This is free software; see the source for copying conditions.  There is NO
warranty; not even for MERCHANTABILITY or FITNESS FOR A PARTICULAR PURPOSE.

configure:3394: $? = 0
configure:3383: gcc -v >&5
Using built-in specs.
COLLECT_GCC=gcc
COLLECT_LTO_WRAPPER=/usr/lib/gcc/x86_64-linux-gnu/5/lto-wrapper
Target: x86_64-linux-gnu
Configured with: ../src/configure -v --with-pkgversion='Ubuntu 5.4.0-6ubuntu1~16.04.2' --with-bugurl=file:///usr/share/doc/gcc-5/README.Bugs --enable-languages=c,ada,c++,java,go,d,fortran,objc,obj-c++ --prefix=/usr --program-suffix=-5 --enable-shared --enable-linker-build-id --libexecdir=/usr/lib --without-included-gettext --enable-threads=posix --libdir=/usr/lib --enable-nls --with-sysroot=/ --enable-clocale=gnu --enable-libstdcxx-debug --enable-libstdcxx-time=yes --with-default-libstdcxx-abi=new --enable-gnu-unique-object --disable-vtable-verify --enable-libmpx --enable-plugin --with-system-zlib --disable-browser-plugin --enable-java-awt=gtk --enable-gtk-cairo --with-java-home=/usr/lib/jvm/java-1.5.0-gcj-5-amd64/jre --enable-java-home --with-jvm-root-dir=/usr/lib/jvm/java-1.5.0-gcj-5-amd64 --with-jvm-jar-dir=/usr/lib/jvm-exports/java-1.5.0-gcj-5-amd64 --with-arch-directory=amd64 --with-ecj-jar=/usr/share/java/eclipse-ecj.jar --enable-objc-gc --enable-multiarch --disable-werror --with-arch-32=i686 --with-abi=m64 --with-multilib-list=m32,m64,mx32 --enable-multilib --with-tune=generic --enable-checking=release --build=x86_64-linux-gnu --host=x86_64-linux-gnu --target=x86_64-linux-gnu
Thread model: posix
gcc version 5.4.0 20160609 (Ubuntu 5.4.0-6ubuntu1~16.04.2) 
configure:3394: $? = 0
configure:3383: gcc -V >&5
gcc: error: unrecognized command line option '-V'
gcc: fatal error: no input files
compilation terminated.
configure:3394: $? = 1
configure:3383: gcc -qversion >&5
gcc: error: unrecognized command line option '-qversion'
gcc: fatal error: no input files
compilation terminated.
configure:3394: $? = 1
configure:3414: checking whether the C compiler works
configure:3436: gcc   -lcurl conftest.c  >&5
configure:3440: $? = 0
configure:3488: result: yes
configure:3491: checking for C compiler default output file name
configure:3493: result: a.out
configure:3499: checking for suffix of executables
configure:3506: gcc -o conftest   -lcurl conftest.c  >&5
configure:3510: $? = 0
configure:3532: result: 
configure:3554: checking whether we are cross compiling
configure:3562: gcc -o conftest   -lcurl conftest.c  >&5
configure:3566: $? = 0
configure:3573: ./conftest
configure:3577: $? = 0
configure:3592: result: no
configure:3597: checking for suffix of object files
configure:3619: gcc -c   conftest.c >&5
configure:3623: $? = 0
configure:3644: result: o
configure:3648: checking whether we are using the GNU C compiler
configure:3667: gcc -c   conftest.c >&5
configure:3667: $? = 0
configure:3676: result: yes
configure:3685: checking whether gcc accepts -g
configure:3705: gcc -c -g  conftest.c >&5
configure:3705: $? = 0
configure:3746: result: yes
configure:3763: checking for gcc option to accept ISO C89
configure:3826: gcc  -c -g -O2  conftest.c >&5
configure:3826: $? = 0
configure:3839: result: none needed
configure:3864: checking whether gcc understands -c and -o together
configure:3886: gcc -c conftest.c -o conftest2.o
configure:3889: $? = 0
configure:3886: gcc -c conftest.c -o conftest2.o
configure:3889: $? = 0
configure:3901: result: yes
configure:3920: checking dependency style of gcc
configure:4031: result: gcc3
configure:4047: checking for gcc option to accept ISO C99
configure:4196: gcc  -c -g -O2  conftest.c >&5
configure:4196: $? = 0
configure:4209: result: none needed
configure:4234: checking for special C compiler options needed for large files
configure:4279: result: no
configure:4285: checking for _FILE_OFFSET_BITS value needed for large files
configure:4310: gcc -c -g -O2  conftest.c >&5
configure:4310: $? = 0
configure:4342: result: no
configure:4427: checking for _LARGEFILE_SOURCE value needed for large files
configure:4446: gcc -o conftest -g -O2  -lcurl conftest.c  >&5
configure:4446: $? = 0
configure:4474: result: no
configure:4502: checking how to run the C preprocessor
configure:4533: gcc -E  conftest.c
configure:4533: $? = 0
configure:4547: gcc -E  conftest.c
conftest.c:12:28: fatal error: ac_nonexistent.h: No such file or directory
compilation terminated.
configure:4547: $? = 1
configure: failed program was:
| /* confdefs.h */
| #define PACKAGE_NAME "OpenSlide"
| #define PACKAGE_TARNAME "openremoteslide"
| #define PACKAGE_VERSION "341.0.1"
| #define PACKAGE_STRING "OpenSlide 341.0.1"
| #define PACKAGE_BUGREPORT "openremoteslide-users@lists.andrew.cmu.edu"
| #define PACKAGE_URL "http://openremoteslide.org"
| #define PACKAGE "openremoteslide"
| #define VERSION "341.0.1"
| #define HAVE_FSEEKO 1
| /* end confdefs.h.  */
| #include <ac_nonexistent.h>
configure:4572: result: gcc -E
configure:4592: gcc -E  conftest.c
configure:4592: $? = 0
configure:4606: gcc -E  conftest.c
conftest.c:12:28: fatal error: ac_nonexistent.h: No such file or directory
compilation terminated.
configure:4606: $? = 1
configure: failed program was:
| /* confdefs.h */
| #define PACKAGE_NAME "OpenSlide"
| #define PACKAGE_TARNAME "openremoteslide"
| #define PACKAGE_VERSION "341.0.1"
| #define PACKAGE_STRING "OpenSlide 341.0.1"
| #define PACKAGE_BUGREPORT "openremoteslide-users@lists.andrew.cmu.edu"
| #define PACKAGE_URL "http://openremoteslide.org"
| #define PACKAGE "openremoteslide"
| #define VERSION "341.0.1"
| #define HAVE_FSEEKO 1
| /* end confdefs.h.  */
| #include <ac_nonexistent.h>
configure:4635: checking for grep that handles long lines and -e
configure:4693: result: /bin/grep
configure:4698: checking for egrep
configure:4760: result: /bin/grep -E
configure:4765: checking for ANSI C header files
configure:4785: gcc -c -g -O2  conftest.c >&5
configure:4785: $? = 0
configure:4858: gcc -o conftest -g -O2  -lcurl conftest.c  >&5
configure:4858: $? = 0
configure:4858: ./conftest
configure:4858: $? = 0
configure:4869: result: yes
configure:4882: checking for sys/types.h
configure:4882: gcc -c -g -O2  conftest.c >&5
configure:4882: $? = 0
configure:4882: result: yes
configure:4882: checking for sys/stat.h
configure:4882: gcc -c -g -O2  conftest.c >&5
configure:4882: $? = 0
configure:4882: result: yes
configure:4882: checking for stdlib.h
configure:4882: gcc -c -g -O2  conftest.c >&5
configure:4882: $? = 0
configure:4882: result: yes
configure:4882: checking for string.h
configure:4882: gcc -c -g -O2  conftest.c >&5
configure:4882: $? = 0
configure:4882: result: yes
configure:4882: checking for memory.h
configure:4882: gcc -c -g -O2  conftest.c >&5
configure:4882: $? = 0
configure:4882: result: yes
configure:4882: checking for strings.h
configure:4882: gcc -c -g -O2  conftest.c >&5
configure:4882: $? = 0
configure:4882: result: yes
configure:4882: checking for inttypes.h
configure:4882: gcc -c -g -O2  conftest.c >&5
configure:4882: $? = 0
configure:4882: result: yes
configure:4882: checking for stdint.h
configure:4882: gcc -c -g -O2  conftest.c >&5
configure:4882: $? = 0
configure:4882: result: yes
configure:4882: checking for unistd.h
configure:4882: gcc -c -g -O2  conftest.c >&5
configure:4882: $? = 0
configure:4882: result: yes
configure:4895: checking for uintptr_t
configure:4895: gcc -c -g -O2  conftest.c >&5
configure:4895: $? = 0
configure:4895: gcc -c -g -O2  conftest.c >&5
conftest.c: In function 'main':
conftest.c:58:24: error: expected expression before ')' token
 if (sizeof ((uintptr_t)))
                        ^
configure:4895: $? = 1
configure: failed program was:
| /* confdefs.h */
| #define PACKAGE_NAME "OpenSlide"
| #define PACKAGE_TARNAME "openremoteslide"
| #define PACKAGE_VERSION "341.0.1"
| #define PACKAGE_STRING "OpenSlide 341.0.1"
| #define PACKAGE_BUGREPORT "openremoteslide-users@lists.andrew.cmu.edu"
| #define PACKAGE_URL "http://openremoteslide.org"
| #define PACKAGE "openremoteslide"
| #define VERSION "341.0.1"
| #define HAVE_FSEEKO 1
| #define STDC_HEADERS 1
| #define HAVE_SYS_TYPES_H 1
| #define HAVE_SYS_STAT_H 1
| #define HAVE_STDLIB_H 1
| #define HAVE_STRING_H 1
| #define HAVE_MEMORY_H 1
| #define HAVE_STRINGS_H 1
| #define HAVE_INTTYPES_H 1
| #define HAVE_STDINT_H 1
| #define HAVE_UNISTD_H 1
| /* end confdefs.h.  */
| #include <stdio.h>
| #ifdef HAVE_SYS_TYPES_H
| # include <sys/types.h>
| #endif
| #ifdef HAVE_SYS_STAT_H
| # include <sys/stat.h>
| #endif
| #ifdef STDC_HEADERS
| # include <stdlib.h>
| # include <stddef.h>
| #else
| # ifdef HAVE_STDLIB_H
| #  include <stdlib.h>
| # endif
| #endif
| #ifdef HAVE_STRING_H
| # if !defined STDC_HEADERS && defined HAVE_MEMORY_H
| #  include <memory.h>
| # endif
| # include <string.h>
| #endif
| #ifdef HAVE_STRINGS_H
| # include <strings.h>
| #endif
| #ifdef HAVE_INTTYPES_H
| # include <inttypes.h>
| #endif
| #ifdef HAVE_STDINT_H
| # include <stdint.h>
| #endif
| #ifdef HAVE_UNISTD_H
| # include <unistd.h>
| #endif
| int
| main ()
| {
| if (sizeof ((uintptr_t)))
| 	    return 0;
|   ;
|   return 0;
| }
configure:4895: result: yes
configure:4979: checking how to print strings
configure:5006: result: printf
configure:5027: checking for a sed that does not truncate output
configure:5091: result: /bin/sed
configure:5109: checking for fgrep
configure:5171: result: /bin/grep -F
configure:5206: checking for ld used by gcc
configure:5273: result: /usr/bin/ld
configure:5280: checking if the linker (/usr/bin/ld) is GNU ld
configure:5295: result: yes
configure:5307: checking for BSD- or MS-compatible name lister (nm)
configure:5356: result: /usr/bin/nm -B
configure:5486: checking the name lister (/usr/bin/nm -B) interface
configure:5493: gcc -c -g -O2  conftest.c >&5
configure:5496: /usr/bin/nm -B "conftest.o"
configure:5499: output
0000000000000000 B some_variable
configure:5506: result: BSD nm
configure:5509: checking whether ln -s works
configure:5513: result: yes
configure:5521: checking the maximum length of command line arguments
configure:5651: result: 1572864
configure:5668: checking whether the shell understands some XSI constructs
configure:5678: result: yes
configure:5682: checking whether the shell understands "+="
configure:5688: result: yes
configure:5723: checking how to convert x86_64-unknown-linux-gnu file names to x86_64-unknown-linux-gnu format
configure:5763: result: func_convert_file_noop
configure:5770: checking how to convert x86_64-unknown-linux-gnu file names to toolchain format
configure:5790: result: func_convert_file_noop
configure:5797: checking for /usr/bin/ld option to reload object files
configure:5804: result: -r
configure:5878: checking for objdump
configure:5894: found /usr/bin/objdump
configure:5905: result: objdump
configure:5934: checking how to recognize dependent libraries
configure:6136: result: pass_all
configure:6221: checking for dlltool
configure:6251: result: no
configure:6278: checking how to associate runtime and link libraries
configure:6305: result: printf %s\n
configure:6365: checking for ar
configure:6381: found /usr/bin/ar
configure:6392: result: ar
configure:6429: checking for archiver @FILE support
configure:6446: gcc -c -g -O2  conftest.c >&5
configure:6446: $? = 0
configure:6449: ar cru libconftest.a @conftest.lst >&5
ar: `u' modifier ignored since `D' is the default (see `U')
configure:6452: $? = 0
configure:6457: ar cru libconftest.a @conftest.lst >&5
ar: `u' modifier ignored since `D' is the default (see `U')
ar: conftest.o: No such file or directory
configure:6460: $? = 1
configure:6472: result: @
configure:6530: checking for strip
configure:6546: found /usr/bin/strip
configure:6557: result: strip
configure:6629: checking for ranlib
configure:6645: found /usr/bin/ranlib
configure:6656: result: ranlib
configure:6758: checking command to parse /usr/bin/nm -B output from gcc object
configure:6878: gcc -c -g -O2  conftest.c >&5
configure:6881: $? = 0
configure:6885: /usr/bin/nm -B conftest.o \| sed -n -e 's/^.*[ ]\([ABCDGIRSTW][ABCDGIRSTW]*\)[ ][ ]*\([_A-Za-z][_A-Za-z0-9]*\)$/\1 \2 \2/p' | sed '/ __gnu_lto/d' \> conftest.nm
configure:6888: $? = 0
configure:6954: gcc -o conftest -g -O2  -lcurl conftest.c conftstm.o >&5
configure:6957: $? = 0
configure:6995: result: ok
configure:7032: checking for sysroot
configure:7062: result: no
configure:7139: gcc -c -g -O2  conftest.c >&5
configure:7142: $? = 0
configure:7324: checking for mt
configure:7340: found /bin/mt
configure:7351: result: mt
configure:7374: checking if mt is a manifest tool
configure:7380: mt '-?'
configure:7388: result: no
configure:8027: checking for dlfcn.h
configure:8027: gcc -c -g -O2  conftest.c >&5
configure:8027: $? = 0
configure:8027: result: yes
configure:8530: checking for objdir
configure:8545: result: .libs
configure:8816: checking if gcc supports -fno-rtti -fno-exceptions
configure:8834: gcc -c -g -O2  -fno-rtti -fno-exceptions conftest.c >&5
cc1: warning: command line option '-fno-rtti' is valid for C++/ObjC++ but not for C
configure:8838: $? = 0
configure:8851: result: no
configure:9178: checking for gcc option to produce PIC
configure:9185: result: -fPIC -DPIC
configure:9193: checking if gcc PIC flag -fPIC -DPIC works
configure:9211: gcc -c -g -O2  -fPIC -DPIC -DPIC conftest.c >&5
configure:9215: $? = 0
configure:9228: result: yes
configure:9257: checking if gcc static flag -static works
configure:9285: result: yes
configure:9300: checking if gcc supports -c -o file.o
configure:9321: gcc -c -g -O2  -o out/conftest2.o conftest.c >&5
configure:9325: $? = 0
configure:9347: result: yes
configure:9355: checking if gcc supports -c -o file.o
configure:9402: result: yes
configure:9435: checking whether the gcc linker (/usr/bin/ld -m elf_x86_64) supports shared libraries
configure:10588: result: yes
configure:10625: checking whether -lc should be explicitly linked in
configure:10633: gcc -c -g -O2  conftest.c >&5
configure:10636: $? = 0
configure:10651: gcc -shared  -fPIC -DPIC conftest.o  -v -Wl,-soname -Wl,conftest -o conftest 2\>\&1 \| /bin/grep  -lc  \>/dev/null 2\>\&1
configure:10654: $? = 0
configure:10668: result: no
configure:10828: checking dynamic linker characteristics
configure:11339: gcc -o conftest -g -O2  -lcurl -Wl,-rpath -Wl,/foo conftest.c  >&5
configure:11339: $? = 0
configure:11565: result: GNU/Linux ld.so
configure:11672: checking how to hardcode library paths into programs
configure:11697: result: immediate
configure:12237: checking whether stripping libraries is possible
configure:12242: result: yes
configure:12277: checking if libtool supports shared libraries
configure:12279: result: yes
configure:12282: checking whether to build shared libraries
configure:12303: result: yes
configure:12306: checking whether to build static libraries
configure:12310: result: no
configure:12390: checking for windres
configure:12420: result: no
configure:12544: checking version string
configure:12551: result: 341.0.1
configure:12562: checking for library containing floor
configure:12593: gcc -o conftest -g -O2  -lcurl conftest.c  >&5
conftest.c:33:6: warning: conflicting types for built-in function 'floor'
 char floor ();
      ^
/tmp/cc5bN4Rl.o: In function `main':
/media/D/workspace/tcga-image-pipeline/openremoteslide-341.0.1/src/conftest.c:37: undefined reference to `floor'
collect2: error: ld returned 1 exit status
configure:12593: $? = 1
configure: failed program was:
| /* confdefs.h */
| #define PACKAGE_NAME "OpenSlide"
| #define PACKAGE_TARNAME "openremoteslide"
| #define PACKAGE_VERSION "341.0.1"
| #define PACKAGE_STRING "OpenSlide 341.0.1"
| #define PACKAGE_BUGREPORT "openremoteslide-users@lists.andrew.cmu.edu"
| #define PACKAGE_URL "http://openremoteslide.org"
| #define PACKAGE "openremoteslide"
| #define VERSION "341.0.1"
| #define HAVE_FSEEKO 1
| #define STDC_HEADERS 1
| #define HAVE_SYS_TYPES_H 1
| #define HAVE_SYS_STAT_H 1
| #define HAVE_STDLIB_H 1
| #define HAVE_STRING_H 1
| #define HAVE_MEMORY_H 1
| #define HAVE_STRINGS_H 1
| #define HAVE_INTTYPES_H 1
| #define HAVE_STDINT_H 1
| #define HAVE_UNISTD_H 1
| #define HAVE_UINTPTR_T 1
| #define HAVE_DLFCN_H 1
| #define LT_OBJDIR ".libs/"
| #define SUFFIXED_VERSION "341.0.1"
| /* end confdefs.h.  */
| 
| /* Override any GCC internal prototype to avoid an error.
|    Use char because int might match the return type of a GCC
|    builtin and then its argument prototype would still apply.  */
| #ifdef __cplusplus
| extern "C"
| #endif
| char floor ();
| int
| main ()
| {
| return floor ();
|   ;
|   return 0;
| }
configure:12593: gcc -o conftest -g -O2  -lcurl conftest.c -lm   >&5
conftest.c:33:6: warning: conflicting types for built-in function 'floor'
 char floor ();
      ^
configure:12593: $? = 0
configure:12610: result: -lm
configure:12623: checking for library containing jpeg_CreateDecompress
configure:12654: gcc -o conftest -g -O2  -lcurl conftest.c -lm  >&5
/tmp/cc7uX3jn.o: In function `main':
/media/D/workspace/tcga-image-pipeline/openremoteslide-341.0.1/src/conftest.c:37: undefined reference to `jpeg_CreateDecompress'
collect2: error: ld returned 1 exit status
configure:12654: $? = 1
configure: failed program was:
| /* confdefs.h */
| #define PACKAGE_NAME "OpenSlide"
| #define PACKAGE_TARNAME "openremoteslide"
| #define PACKAGE_VERSION "341.0.1"
| #define PACKAGE_STRING "OpenSlide 341.0.1"
| #define PACKAGE_BUGREPORT "openremoteslide-users@lists.andrew.cmu.edu"
| #define PACKAGE_URL "http://openremoteslide.org"
| #define PACKAGE "openremoteslide"
| #define VERSION "341.0.1"
| #define HAVE_FSEEKO 1
| #define STDC_HEADERS 1
| #define HAVE_SYS_TYPES_H 1
| #define HAVE_SYS_STAT_H 1
| #define HAVE_STDLIB_H 1
| #define HAVE_STRING_H 1
| #define HAVE_MEMORY_H 1
| #define HAVE_STRINGS_H 1
| #define HAVE_INTTYPES_H 1
| #define HAVE_STDINT_H 1
| #define HAVE_UNISTD_H 1
| #define HAVE_UINTPTR_T 1
| #define HAVE_DLFCN_H 1
| #define LT_OBJDIR ".libs/"
| #define SUFFIXED_VERSION "341.0.1"
| /* end confdefs.h.  */
| 
| /* Override any GCC internal prototype to avoid an error.
|    Use char because int might match the return type of a GCC
|    builtin and then its argument prototype would still apply.  */
| #ifdef __cplusplus
| extern "C"
| #endif
| char jpeg_CreateDecompress ();
| int
| main ()
| {
| return jpeg_CreateDecompress ();
|   ;
|   return 0;
| }
configure:12654: gcc -o conftest -g -O2  -lcurl conftest.c -ljpeg  -lm  >&5
configure:12654: $? = 0
configure:12671: result: -ljpeg
configure:12739: checking for pkg-config
configure:12757: found /usr/bin/pkg-config
configure:12769: result: /usr/bin/pkg-config
configure:12794: checking pkg-config is at least version 0.9.0
configure:12797: result: yes
configure:12807: checking for ZLIB
configure:12814: $PKG_CONFIG --exists --print-errors "zlib"
configure:12817: $? = 0
configure:12831: $PKG_CONFIG --exists --print-errors "zlib"
configure:12834: $? = 0
configure:12996: result: yes
configure:13003: checking for OPENJPEG2
configure:13010: $PKG_CONFIG --exists --print-errors "libopenjp2 >= 2.1.0"
Package libopenjp2 was not found in the pkg-config search path.
Perhaps you should add the directory containing `libopenjp2.pc'
to the PKG_CONFIG_PATH environment variable
No package 'libopenjp2' found
configure:13013: $? = 1
configure:13027: $PKG_CONFIG --exists --print-errors "libopenjp2 >= 2.1.0"
Package libopenjp2 was not found in the pkg-config search path.
Perhaps you should add the directory containing `libopenjp2.pc'
to the PKG_CONFIG_PATH environment variable
No package 'libopenjp2' found
configure:13030: $? = 1
configure:13044: result: no
No package 'libopenjp2' found
configure:13063: checking for OPENJPEG
configure:13070: $PKG_CONFIG --exists --print-errors "libopenjpeg1"
configure:13073: $? = 0
configure:13087: $PKG_CONFIG --exists --print-errors "libopenjpeg1"
configure:13090: $? = 0
configure:13204: result: yes
configure:13380: checking for LIBTIFF
configure:13387: $PKG_CONFIG --exists --print-errors "libtiff-4"
configure:13390: $? = 0
configure:13404: $PKG_CONFIG --exists --print-errors "libtiff-4"
configure:13407: $? = 0
configure:13575: result: yes
configure:13588: gcc -c -g -O2 -I/usr/include/x86_64-linux-gnu  conftest.c >&5
configure:13588: $? = 0
configure:13602: checking for GLIB2
configure:13609: $PKG_CONFIG --exists --print-errors "glib-2.0 >= 2.16, gthread-2.0, gio-2.0, gobject-2.0"
configure:13612: $? = 0
configure:13626: $PKG_CONFIG --exists --print-errors "glib-2.0 >= 2.16, gthread-2.0, gio-2.0, gobject-2.0"
configure:13629: $? = 0
configure:13687: result: yes
configure:13693: checking for CAIRO
configure:13700: $PKG_CONFIG --exists --print-errors "cairo >= 1.2"
configure:13703: $? = 0
configure:13717: $PKG_CONFIG --exists --print-errors "cairo >= 1.2"
configure:13720: $? = 0
configure:13778: result: yes
configure:13784: checking for LIBPNG
configure:13791: $PKG_CONFIG --exists --print-errors "libpng > 1.2"
configure:13794: $? = 0
configure:13808: $PKG_CONFIG --exists --print-errors "libpng > 1.2"
configure:13811: $? = 0
configure:13869: result: yes
configure:13875: checking for GDKPIXBUF
configure:13882: $PKG_CONFIG --exists --print-errors "gdk-pixbuf-2.0 >= 2.14"
configure:13885: $? = 0
configure:13899: $PKG_CONFIG --exists --print-errors "gdk-pixbuf-2.0 >= 2.14"
configure:13902: $? = 0
configure:13960: result: yes
configure:13966: checking for LIBXML2
configure:13973: $PKG_CONFIG --exists --print-errors "libxml-2.0"
configure:13976: $? = 0
configure:13990: $PKG_CONFIG --exists --print-errors "libxml-2.0"
configure:13993: $? = 0
configure:14051: result: yes
configure:14057: checking for SQLITE3
configure:14064: $PKG_CONFIG --exists --print-errors "sqlite3 >= 3.6.20"
configure:14067: $? = 0
configure:14081: $PKG_CONFIG --exists --print-errors "sqlite3 >= 3.6.20"
configure:14084: $? = 0
configure:14142: result: yes
configure:14150: checking for VALGRIND
configure:14157: $PKG_CONFIG --exists --print-errors "valgrind"
Package valgrind was not found in the pkg-config search path.
Perhaps you should add the directory containing `valgrind.pc'
to the PKG_CONFIG_PATH environment variable
No package 'valgrind' found
configure:14160: $? = 1
configure:14174: $PKG_CONFIG --exists --print-errors "valgrind"
Package valgrind was not found in the pkg-config search path.
Perhaps you should add the directory containing `valgrind.pc'
to the PKG_CONFIG_PATH environment variable
No package 'valgrind' found
configure:14177: $? = 1
configure:14191: result: no
No package 'valgrind' found
configure:14229: checking for simple visibility declarations
configure:14251: gcc -c -g -O2 -fvisibility=hidden -Werror  conftest.c >&5
configure:14251: $? = 0
configure:14260: result: yes
configure:14277: checking fopen() close-on-exec flag
configure:14330: gcc -o conftest -g -O2  -lcurl conftest.c -ljpeg -lm  >&5
conftest.c: In function 'main':
conftest.c:37:9: error: unknown type name 'URL_FILE'
         URL_FILE *fp = fopen("/dev/null", "re");
         ^
conftest.c:37:24: warning: initialization from incompatible pointer type [-Wincompatible-pointer-types]
         URL_FILE *fp = fopen("/dev/null", "re");
                        ^
conftest.c:39:27: warning: passing argument 1 of 'fileno' from incompatible pointer type [-Wincompatible-pointer-types]
           int fd = fileno(fp);
                           ^
In file included from conftest.c:29:0:
/usr/include/stdio.h:858:12: note: expected 'FILE * {aka struct _IO_FILE *}' but argument is of type 'int *'
 extern int fileno (FILE *__stream) __THROW __wur;
            ^
configure:14330: $? = 1
configure: program exited with status 1
configure: failed program was:
| /* confdefs.h */
| #define PACKAGE_NAME "OpenSlide"
| #define PACKAGE_TARNAME "openremoteslide"
| #define PACKAGE_VERSION "341.0.1"
| #define PACKAGE_STRING "OpenSlide 341.0.1"
| #define PACKAGE_BUGREPORT "openremoteslide-users@lists.andrew.cmu.edu"
| #define PACKAGE_URL "http://openremoteslide.org"
| #define PACKAGE "openremoteslide"
| #define VERSION "341.0.1"
| #define HAVE_FSEEKO 1
| #define STDC_HEADERS 1
| #define HAVE_SYS_TYPES_H 1
| #define HAVE_SYS_STAT_H 1
| #define HAVE_STDLIB_H 1
| #define HAVE_STRING_H 1
| #define HAVE_MEMORY_H 1
| #define HAVE_STRINGS_H 1
| #define HAVE_INTTYPES_H 1
| #define HAVE_STDINT_H 1
| #define HAVE_UNISTD_H 1
| #define HAVE_UINTPTR_T 1
| #define HAVE_DLFCN_H 1
| #define LT_OBJDIR ".libs/"
| #define SUFFIXED_VERSION "341.0.1"
| #define HAVE_VISIBILITY 1
| /* end confdefs.h.  */
| 
| 
|         #include <stdio.h>
|         #include <unistd.h>
|         #include <fcntl.h>
| 
| int
| main ()
| {
| 
|         URL_FILE *fp = fopen("/dev/null", "re");
|         if (fp != NULL) {
|           int fd = fileno(fp);
|           if (fd != -1) {
|             long ret = fcntl(fd, F_GETFD);
|             if (ret != -1 && (ret & FD_CLOEXEC)) {
|               return 0;
|             }
|           }
|         }
|         return 1;
| 
|   ;
|   return 0;
| }
| 
configure:14341: result: unknown
configure:14357: checking for fcntl
configure:14357: gcc -o conftest -g -O2  -lcurl conftest.c -ljpeg -lm  >&5
configure:14357: $? = 0
configure:14357: result: yes
configure:14368: checking whether to cross-test from Cygwin
configure:14375: result: no
configure:14516: checking that generated files are newer than configure
configure:14522: result: done
configure:14553: creating ./config.status

## ---------------------- ##
## Running config.status. ##
## ---------------------- ##

This file was extended by OpenSlide config.status 341.0.1, which was
generated by GNU Autoconf 2.69.  Invocation command line was

  CONFIG_FILES    = 
  CONFIG_HEADERS  = 
  CONFIG_LINKS    = 
  CONFIG_COMMANDS = 
  $ ./config.status 

on huangch-ubuntu

config.status:1179: creating Makefile
config.status:1179: creating openremoteslide.pc
config.status:1179: creating src/openremoteslide-dll.manifest
config.status:1179: creating src/openremoteslide-dll.rc
config.status:1179: creating tools/openremoteslide-quickhash1sum.1
config.status:1179: creating tools/openremoteslide-show-properties.1
config.status:1179: creating tools/openremoteslide-write-png.1
config.status:1179: creating config.h
config.status:1408: executing depfiles commands
config.status:1408: executing libtool commands

## ---------------- ##
## Cache variables. ##
## ---------------- ##

ac_cv_build=x86_64-unknown-linux-gnu
ac_cv_c_compiler_gnu=yes
ac_cv_env_CAIRO_CFLAGS_set=
ac_cv_env_CAIRO_CFLAGS_value=
ac_cv_env_CAIRO_LIBS_set=
ac_cv_env_CAIRO_LIBS_value=
ac_cv_env_CC_set=
ac_cv_env_CC_value=
ac_cv_env_CFLAGS_set=
ac_cv_env_CFLAGS_value=
ac_cv_env_CPPFLAGS_set=
ac_cv_env_CPPFLAGS_value=
ac_cv_env_CPP_set=
ac_cv_env_CPP_value=
ac_cv_env_GDKPIXBUF_CFLAGS_set=
ac_cv_env_GDKPIXBUF_CFLAGS_value=
ac_cv_env_GDKPIXBUF_LIBS_set=
ac_cv_env_GDKPIXBUF_LIBS_value=
ac_cv_env_GLIB2_CFLAGS_set=
ac_cv_env_GLIB2_CFLAGS_value=
ac_cv_env_GLIB2_LIBS_set=
ac_cv_env_GLIB2_LIBS_value=
ac_cv_env_LDFLAGS_set=set
ac_cv_env_LDFLAGS_value=-lcurl
ac_cv_env_LIBPNG_CFLAGS_set=
ac_cv_env_LIBPNG_CFLAGS_value=
ac_cv_env_LIBPNG_LIBS_set=
ac_cv_env_LIBPNG_LIBS_value=
ac_cv_env_LIBS_set=
ac_cv_env_LIBS_value=
ac_cv_env_LIBTIFF_CFLAGS_set=
ac_cv_env_LIBTIFF_CFLAGS_value=
ac_cv_env_LIBTIFF_LIBS_set=
ac_cv_env_LIBTIFF_LIBS_value=
ac_cv_env_LIBXML2_CFLAGS_set=
ac_cv_env_LIBXML2_CFLAGS_value=
ac_cv_env_LIBXML2_LIBS_set=
ac_cv_env_LIBXML2_LIBS_value=
ac_cv_env_OPENJPEG2_CFLAGS_set=
ac_cv_env_OPENJPEG2_CFLAGS_value=
ac_cv_env_OPENJPEG2_LIBS_set=
ac_cv_env_OPENJPEG2_LIBS_value=
ac_cv_env_OPENJPEG_CFLAGS_set=
ac_cv_env_OPENJPEG_CFLAGS_value=
ac_cv_env_OPENJPEG_LIBS_set=
ac_cv_env_OPENJPEG_LIBS_value=
ac_cv_env_PKG_CONFIG_LIBDIR_set=
ac_cv_env_PKG_CONFIG_LIBDIR_value=
ac_cv_env_PKG_CONFIG_PATH_set=
ac_cv_env_PKG_CONFIG_PATH_value=
ac_cv_env_PKG_CONFIG_set=
ac_cv_env_PKG_CONFIG_value=
ac_cv_env_SQLITE3_CFLAGS_set=
ac_cv_env_SQLITE3_CFLAGS_value=
ac_cv_env_SQLITE3_LIBS_set=
ac_cv_env_SQLITE3_LIBS_value=
ac_cv_env_VALGRIND_CFLAGS_set=
ac_cv_env_VALGRIND_CFLAGS_value=
ac_cv_env_VALGRIND_LIBS_set=
ac_cv_env_VALGRIND_LIBS_value=
ac_cv_env_ZLIB_CFLAGS_set=
ac_cv_env_ZLIB_CFLAGS_value=
ac_cv_env_ZLIB_LIBS_set=
ac_cv_env_ZLIB_LIBS_value=
ac_cv_env_build_alias_set=
ac_cv_env_build_alias_value=
ac_cv_env_host_alias_set=
ac_cv_env_host_alias_value=
ac_cv_env_target_alias_set=
ac_cv_env_target_alias_value=
ac_cv_func_fcntl=yes
ac_cv_header_dlfcn_h=yes
ac_cv_header_inttypes_h=yes
ac_cv_header_memory_h=yes
ac_cv_header_stdc=yes
ac_cv_header_stdint_h=yes
ac_cv_header_stdlib_h=yes
ac_cv_header_string_h=yes
ac_cv_header_strings_h=yes
ac_cv_header_sys_stat_h=yes
ac_cv_header_sys_types_h=yes
ac_cv_header_unistd_h=yes
ac_cv_host=x86_64-unknown-linux-gnu
ac_cv_objext=o
ac_cv_path_EGREP='/bin/grep -E'
ac_cv_path_FGREP='/bin/grep -F'
ac_cv_path_GREP=/bin/grep
ac_cv_path_SED=/bin/sed
ac_cv_path_ac_pt_PKG_CONFIG=/usr/bin/pkg-config
ac_cv_path_install='/usr/bin/install -c'
ac_cv_path_mkdir=/bin/mkdir
ac_cv_prog_AWK=gawk
ac_cv_prog_CPP='gcc -E'
ac_cv_prog_ac_ct_AR=ar
ac_cv_prog_ac_ct_CC=gcc
ac_cv_prog_ac_ct_MANIFEST_TOOL=mt
ac_cv_prog_ac_ct_OBJDUMP=objdump
ac_cv_prog_ac_ct_RANLIB=ranlib
ac_cv_prog_ac_ct_STRIP=strip
ac_cv_prog_cc_c89=
ac_cv_prog_cc_c99=
ac_cv_prog_cc_g=yes
ac_cv_prog_make_make_set=yes
ac_cv_search_floor=-lm
ac_cv_search_jpeg_CreateDecompress=-ljpeg
ac_cv_sys_file_offset_bits=no
ac_cv_sys_largefile_CC=no
ac_cv_sys_largefile_source=no
ac_cv_type_uintptr_t=yes
am_cv_CC_dependencies_compiler_type=gcc3
am_cv_make_support_nested_variables=yes
am_cv_prog_cc_c_o=yes
gl_cv_cc_visibility=yes
lt_cv_ar_at_file=@
lt_cv_archive_cmds_need_lc=no
lt_cv_deplibs_check_method=pass_all
lt_cv_file_magic_cmd='$MAGIC_CMD'
lt_cv_file_magic_test_file=
lt_cv_ld_reload_flag=-r
lt_cv_nm_interface='BSD nm'
lt_cv_objdir=.libs
lt_cv_path_LD=/usr/bin/ld
lt_cv_path_NM='/usr/bin/nm -B'
lt_cv_path_mainfest_tool=no
lt_cv_prog_compiler_c_o=yes
lt_cv_prog_compiler_c_o_RC=yes
lt_cv_prog_compiler_pic='-fPIC -DPIC'
lt_cv_prog_compiler_pic_works=yes
lt_cv_prog_compiler_rtti_exceptions=no
lt_cv_prog_compiler_static_works=yes
lt_cv_prog_gnu_ld=yes
lt_cv_sharedlib_from_linklib_cmd='printf %s\n'
lt_cv_shlibpath_overrides_runpath=no
lt_cv_sys_global_symbol_pipe='sed -n -e '\''s/^.*[	 ]\([ABCDGIRSTW][ABCDGIRSTW]*\)[	 ][	 ]*\([_A-Za-z][_A-Za-z0-9]*\)$/\1 \2 \2/p'\'' | sed '\''/ __gnu_lto/d'\'''
lt_cv_sys_global_symbol_to_c_name_address='sed -n -e '\''s/^: \([^ ]*\)[ ]*$/  {\"\1\", (void *) 0},/p'\'' -e '\''s/^[ABCDGIRSTW]* \([^ ]*\) \([^ ]*\)$/  {"\2", (void *) \&\2},/p'\'''
lt_cv_sys_global_symbol_to_c_name_address_lib_prefix='sed -n -e '\''s/^: \([^ ]*\)[ ]*$/  {\"\1\", (void *) 0},/p'\'' -e '\''s/^[ABCDGIRSTW]* \([^ ]*\) \(lib[^ ]*\)$/  {"\2", (void *) \&\2},/p'\'' -e '\''s/^[ABCDGIRSTW]* \([^ ]*\) \([^ ]*\)$/  {"lib\2", (void *) \&\2},/p'\'''
lt_cv_sys_global_symbol_to_cdecl='sed -n -e '\''s/^T .* \(.*\)$/extern int \1();/p'\'' -e '\''s/^[ABCDGIRSTW]* .* \(.*\)$/extern char \1;/p'\'''
lt_cv_sys_max_cmd_len=1572864
lt_cv_to_host_file_cmd=func_convert_file_noop
lt_cv_to_tool_file_cmd=func_convert_file_noop
pkg_cv_CAIRO_CFLAGS='-I/usr/include/cairo -I/usr/include/glib-2.0 -I/usr/lib/x86_64-linux-gnu/glib-2.0/include -I/usr/include/pixman-1 -I/usr/include/freetype2 -I/usr/include/libpng12'
pkg_cv_CAIRO_LIBS=-lcairo
pkg_cv_GDKPIXBUF_CFLAGS='-pthread -I/usr/include/gdk-pixbuf-2.0 -I/usr/include/libpng12 -I/usr/include/glib-2.0 -I/usr/lib/x86_64-linux-gnu/glib-2.0/include'
pkg_cv_GDKPIXBUF_LIBS='-lgdk_pixbuf-2.0 -lgobject-2.0 -lglib-2.0'
pkg_cv_GLIB2_CFLAGS='-pthread -I/usr/include/glib-2.0 -I/usr/lib/x86_64-linux-gnu/glib-2.0/include'
pkg_cv_GLIB2_LIBS='-lgthread-2.0 -pthread -lgio-2.0 -lgobject-2.0 -lglib-2.0'
pkg_cv_LIBPNG_CFLAGS=-I/usr/include/libpng12
pkg_cv_LIBPNG_LIBS=-lpng12
pkg_cv_LIBTIFF_CFLAGS=-I/usr/include/x86_64-linux-gnu
pkg_cv_LIBTIFF_LIBS=-ltiff
pkg_cv_LIBXML2_CFLAGS=-I/usr/include/libxml2
pkg_cv_LIBXML2_LIBS=-lxml2
pkg_cv_OPENJPEG_CFLAGS=-I/usr/include/openjpeg-1.5
pkg_cv_OPENJPEG_LIBS=-lopenjpeg
pkg_cv_SQLITE3_CFLAGS=
pkg_cv_SQLITE3_LIBS=-lsqlite3
pkg_cv_ZLIB_CFLAGS=
pkg_cv_ZLIB_LIBS=-lz

## ----------------- ##
## Output variables. ##
## ----------------- ##

ACLOCAL='${SHELL} /media/D/workspace/tcga-image-pipeline/openremoteslide-341.0.1/src/missing aclocal-1.14'
AMDEPBACKSLASH='\'
AMDEP_FALSE='#'
AMDEP_TRUE=''
AMTAR='$${TAR-tar}'
AM_BACKSLASH='\'
AM_CFLAGS='-Wall -Wextra -Wstrict-prototypes -Wmissing-prototypes -Wmissing-declarations -Wnested-externs $(CFLAG_MS_FORMAT) $(CFLAG_VISIBILITY) -DG_DISABLE_SINGLE_INCLUDES -DGLIB_VERSION_MIN_REQUIRED=GLIB_VERSION_2_26 -DGLIB_VERSION_MAX_ALLOWED=GLIB_VERSION_MIN_REQUIRED -fno-common'
AM_DEFAULT_V='$(AM_DEFAULT_VERBOSITY)'
AM_DEFAULT_VERBOSITY='0'
AM_V='$(V)'
AR='ar'
AS='as'
AUTOCONF='${SHELL} /media/D/workspace/tcga-image-pipeline/openremoteslide-341.0.1/src/missing autoconf'
AUTOHEADER='${SHELL} /media/D/workspace/tcga-image-pipeline/openremoteslide-341.0.1/src/missing autoheader'
AUTOMAKE='${SHELL} /media/D/workspace/tcga-image-pipeline/openremoteslide-341.0.1/src/missing automake-1.14'
AWK='gawk'
CAIRO_CFLAGS='-I/usr/include/cairo -I/usr/include/glib-2.0 -I/usr/lib/x86_64-linux-gnu/glib-2.0/include -I/usr/include/pixman-1 -I/usr/include/freetype2 -I/usr/include/libpng12'
CAIRO_LIBS='-lcairo'
CC='gcc'
CCDEPMODE='depmode=gcc3'
CFLAGS='-g -O2'
CFLAG_MS_FORMAT=''
CFLAG_VISIBILITY='-fvisibility=hidden'
CPP='gcc -E'
CPPFLAGS=''
CYGPATH_W='echo'
CYGWIN_CROSS_TEST=''
CYGWIN_CROSS_TEST_FALSE=''
CYGWIN_CROSS_TEST_TRUE='#'
DEFS='-DHAVE_CONFIG_H'
DEPDIR='.deps'
DLLTOOL='false'
DSYMUTIL=''
DUMPBIN=''
ECHO_C=''
ECHO_N='-n'
ECHO_T=''
EGREP='/bin/grep -E'
EXEEXT=''
FEATURE_FLAGS=' openjpeg-1 libtiff-4'
FGREP='/bin/grep -F'
GDKPIXBUF_CFLAGS='-pthread -I/usr/include/gdk-pixbuf-2.0 -I/usr/include/libpng12 -I/usr/include/glib-2.0 -I/usr/lib/x86_64-linux-gnu/glib-2.0/include'
GDKPIXBUF_LIBS='-lgdk_pixbuf-2.0 -lgobject-2.0 -lglib-2.0'
GLIB2_CFLAGS='-pthread -I/usr/include/glib-2.0 -I/usr/lib/x86_64-linux-gnu/glib-2.0/include'
GLIB2_LIBS='-lgthread-2.0 -pthread -lgio-2.0 -lgobject-2.0 -lglib-2.0'
GREP='/bin/grep'
HAVE_VISIBILITY='1'
INSTALL_DATA='${INSTALL} -m 644'
INSTALL_PROGRAM='${INSTALL}'
INSTALL_SCRIPT='${INSTALL}'
INSTALL_STRIP_PROGRAM='$(install_sh) -c -s'
LD='/usr/bin/ld -m elf_x86_64'
LDFLAGS='-lcurl'
LIBOBJS=''
LIBPNG_CFLAGS='-I/usr/include/libpng12'
LIBPNG_LIBS='-lpng12'
LIBS='-ljpeg -lm '
LIBTIFF_CFLAGS='-I/usr/include/x86_64-linux-gnu'
LIBTIFF_LIBS='-ltiff'
LIBTOOL='$(SHELL) $(top_builddir)/libtool'
LIBXML2_CFLAGS='-I/usr/include/libxml2'
LIBXML2_LIBS='-lxml2'
LIPO=''
LN_S='ln -s'
LTLIBOBJS=''
MAKEINFO='${SHELL} /media/D/workspace/tcga-image-pipeline/openremoteslide-341.0.1/src/missing makeinfo'
MANIFEST_TOOL=':'
MKDIR_P='/bin/mkdir -p'
NM='/usr/bin/nm -B'
NMEDIT=''
OBJDUMP='objdump'
OBJEXT='o'
OPENJPEG2_CFLAGS=''
OPENJPEG2_LIBS=''
OPENJPEG_CFLAGS='-I/usr/include/openjpeg-1.5'
OPENJPEG_LIBS='-lopenjpeg'
OTOOL64=''
OTOOL=''
PACKAGE='openremoteslide'
PACKAGE_BUGREPORT='openremoteslide-users@lists.andrew.cmu.edu'
PACKAGE_NAME='OpenSlide'
PACKAGE_STRING='OpenSlide 341.0.1'
PACKAGE_TARNAME='openremoteslide'
PACKAGE_URL='http://openremoteslide.org'
PACKAGE_VERSION='341.0.1'
PATH_SEPARATOR=':'
PKG_CONFIG='/usr/bin/pkg-config'
PKG_CONFIG_LIBDIR=''
PKG_CONFIG_PATH=''
RANLIB='ranlib'
RC=''
SED='/bin/sed'
SET_MAKE=''
SHELL='/bin/bash'
SQLITE3_CFLAGS=''
SQLITE3_LIBS='-lsqlite3'
STRIP='strip'
SUFFIXED_VERSION='341.0.1'
VALGRIND_CFLAGS=''
VALGRIND_LIBS=''
VERSION='341.0.1'
WINDOWS_RESOURCES_FALSE=''
WINDOWS_RESOURCES_TRUE='#'
WINDOWS_VERSIONINFO='341,0,1,0'
ZLIB_CFLAGS=''
ZLIB_LIBS='-lz'
ac_ct_AR='ar'
ac_ct_CC='gcc'
ac_ct_DUMPBIN=''
am__EXEEXT_FALSE=''
am__EXEEXT_TRUE='#'
am__fastdepCC_FALSE='#'
am__fastdepCC_TRUE=''
am__include='include'
am__isrc=''
am__leading_dot='.'
am__nodep='_no'
am__quote=''
am__tar='$${TAR-tar} chof - "$$tardir"'
am__untar='$${TAR-tar} xf -'
bindir='${exec_prefix}/bin'
build='x86_64-unknown-linux-gnu'
build_alias=''
build_cpu='x86_64'
build_os='linux-gnu'
build_vendor='unknown'
datadir='${datarootdir}'
datarootdir='${prefix}/share'
docdir='${datarootdir}/doc/${PACKAGE_TARNAME}'
dvidir='${docdir}'
exec_prefix='${prefix}'
host='x86_64-unknown-linux-gnu'
host_alias=''
host_cpu='x86_64'
host_os='linux-gnu'
host_vendor='unknown'
htmldir='${docdir}'
includedir='${prefix}/include'
infodir='${datarootdir}/info'
install_sh='${SHELL} /media/D/workspace/tcga-image-pipeline/openremoteslide-341.0.1/src/install-sh'
libdir='${exec_prefix}/lib'
libexecdir='${exec_prefix}/libexec'
localedir='${datarootdir}/locale'
localstatedir='${prefix}/var'
mandir='${datarootdir}/man'
mkdir_p='$(MKDIR_P)'
oldincludedir='/usr/include'
pdfdir='${docdir}'
prefix='/media/huangch/D/workspace/tcga-image-pipeline/openremoteslide-341.0.1'
program_transform_name='s,x,x,'
psdir='${docdir}'
sbindir='${exec_prefix}/sbin'
sharedstatedir='${prefix}/com'
sysconfdir='${prefix}/etc'
target_alias=''

## ----------- ##
## confdefs.h. ##
## ----------- ##

/* confdefs.h */
#define PACKAGE_NAME "OpenSlide"
#define PACKAGE_TARNAME "openremoteslide"
#define PACKAGE_VERSION "341.0.1"
#define PACKAGE_STRING "OpenSlide 341.0.1"
#define PACKAGE_BUGREPORT "openremoteslide-users@lists.andrew.cmu.edu"
#define PACKAGE_URL "http://openremoteslide.org"
#define PACKAGE "openremoteslide"
#define VERSION "341.0.1"
#define HAVE_FSEEKO 1
#define STDC_HEADERS 1
#define HAVE_SYS_TYPES_H 1
#define HAVE_SYS_STAT_H 1
#define HAVE_STDLIB_H 1
#define HAVE_STRING_H 1
#define HAVE_MEMORY_H 1
#define HAVE_STRINGS_H 1
#define HAVE_INTTYPES_H 1
#define HAVE_STDINT_H 1
#define HAVE_UNISTD_H 1
#define HAVE_UINTPTR_T 1
#define HAVE_DLFCN_H 1
#define LT_OBJDIR ".libs/"
#define SUFFIXED_VERSION "341.0.1"
#define HAVE_VISIBILITY 1
#define FOPEN_CLOEXEC_FLAG ""
#define HAVE_FCNTL 1

configure: exit 0
